<?xml version="1.0" encoding="UTF-8"?>
<!-- Generated by org.testng.reporters.JUnitReportReporter -->
<testsuite hostname="DESKTOP-P1L9HPQ" failures="0" tests="2" name="testNGSoftAssert.Softassert1" time="0.024" errors="0" timestamp="2022-06-16T12:49:22 IST" skipped="0">
  <testcase classname="testNGSoftAssert.Softassert1" name="softAsser" time="0.020"/>
  <system-out/>
  <testcase classname="testNGSoftAssert.Softassert1" name="softAssert1" time="0.004"/>
  <system-out/>
</testsuite> <!-- testNGSoftAssert.Softassert1 -->
