<?xml version="1.0" encoding="UTF-8"?>
<!-- Generated by org.testng.reporters.JUnitReportReporter -->
<testsuite hostname="DESKTOP-P1L9HPQ" failures="0" tests="2" name="testNGKeyword.TestNGKinvocationCount" time="0.007" errors="0" timestamp="2022-06-13T16:14:36 IST" skipped="0">
  <testcase classname="testNGKeyword.TestNGKinvocationCount" name="Mytest1" time="0.005"/>
  <system-out>
    <![CDATA[my method1 is running twise]]>
  </system-out>
  <testcase classname="testNGKeyword.TestNGKinvocationCount" name="Mytest1" time="0.002"/>
  <system-out>
    <![CDATA[my method1 is running twise]]>
  </system-out>
</testsuite> <!-- testNGKeyword.TestNGKinvocationCount -->
