<?xml version="1.0" encoding="UTF-8"?>
<!-- Generated by org.testng.reporters.JUnitReportReporter -->
<testsuite hostname="DESKTOP-P1L9HPQ" failures="0" tests="1" name="ListnerTestNgClass1.TestNGListnerClass1" time="0.003" errors="0" timestamp="2022-06-22T15:25:33 IST" skipped="0">
  <testcase classname="ListnerTestNgClass1.TestNGListnerClass1" name="listnerClassMethod" time="0.003"/>
  <system-out>
    <![CDATA[hii gm 
test case is pass
pass test case name islistnerClassMethod]]>
  </system-out>
</testsuite> <!-- ListnerTestNgClass1.TestNGListnerClass1 -->
