<?xml version="1.0" encoding="UTF-8"?>
<!-- Generated by org.testng.reporters.JUnitReportReporter -->
<testsuite hostname="DESKTOP-P1L9HPQ" failures="0" tests="2" name="testNGHardAssert.AssertCLassEquals" time="14.043" errors="0" timestamp="2022-06-15T14:47:21 IST" skipped="0">
  <testcase classname="testNGHardAssert.AssertCLassEquals" name="SeertclassEquals" time="6.443"/>
  <system-out>
    <![CDATA[result is matching test case is pass]]>
  </system-out>
  <testcase classname="testNGHardAssert.AssertCLassEquals" name="Notequals" time="7.600"/>
  <system-out>
    <![CDATA[result is not matching test case is pass]]>
  </system-out>
</testsuite> <!-- testNGHardAssert.AssertCLassEquals -->
