<?xml version="1.0" encoding="UTF-8"?>
<!-- Generated by org.testng.reporters.JUnitReportReporter -->
<testsuite hostname="DESKTOP-P1L9HPQ" failures="0" tests="1" name="kitPOM.GetErrorMsgofTestNg" time="0.012" errors="0" timestamp="2022-06-21T15:18:45 IST" skipped="0">
  <testcase classname="kitPOM.GetErrorMsgofTestNg" name="f" time="0.012"/>
  <system-out/>
</testsuite> <!-- kitPOM.GetErrorMsgofTestNg -->
