<?xml version="1.0" encoding="UTF-8"?>
<!-- Generated by org.testng.reporters.JUnitReportReporter -->
<testsuite hostname="DESKTOP-P1L9HPQ" failures="0" tests="1" name="MavinTestNG.KitMavinTestNg" time="7.563" errors="0" timestamp="2022-06-20T16:52:46 IST" skipped="0">
  <testcase classname="MavinTestNG.KitMavinTestNg" name="validateUN" time="7.563"/>
  <system-out>
    <![CDATA[test case is pass]]>
  </system-out>
</testsuite> <!-- MavinTestNG.KitMavinTestNg -->
