<?xml version="1.0" encoding="UTF-8"?>
<!-- Generated by org.testng.reporters.JUnitReportReporter -->
<testsuite hostname="DESKTOP-P1L9HPQ" failures="0" tests="1" name="kitPomClass.ErrormsgTestNG" time="1.866" errors="0" timestamp="2022-06-21T16:04:00 IST" skipped="0">
  <testcase classname="kitPomClass.ErrormsgTestNG" name="logintokitApp" time="1.866"/>
  <system-out/>
</testsuite> <!-- kitPomClass.ErrormsgTestNG -->
