<?xml version="1.0" encoding="UTF-8"?>
<!-- Generated by org.testng.reporters.JUnitReportReporter -->
<testsuite hostname="DESKTOP-P1L9HPQ" failures="0" tests="1" name="testNGFailtest.fail2" time="0.012" errors="0" timestamp="2022-06-14T14:05:27 IST" skipped="0">
  <testcase classname="testNGFailtest.fail2" name="Mymethod1" time="0.012"/>
  <system-out>
    <![CDATA[i will set my priority ]]>
  </system-out>
</testsuite> <!-- testNGFailtest.fail2 -->
