<?xml version="1.0" encoding="UTF-8"?>
<!-- Generated by org.testng.reporters.JUnitReportReporter -->
<testsuite hostname="DESKTOP-P1L9HPQ" failures="0" tests="4" name="testNGKeyword.PriorityKeyword" time="0.011" errors="0" timestamp="2022-06-13T16:14:36 IST" skipped="0">
  <testcase classname="testNGKeyword.PriorityKeyword" name="Mymethod2" time="0.002"/>
  <system-out>
    <![CDATA[i will set my priority ]]>
  </system-out>
  <testcase classname="testNGKeyword.PriorityKeyword" name="Mymethod1" time="0.003"/>
  <system-out>
    <![CDATA[i will set my priority ]]>
  </system-out>
  <testcase classname="testNGKeyword.PriorityKeyword" name="Mymethod4" time="0.003"/>
  <system-out>
    <![CDATA[i will set my priority ]]>
  </system-out>
  <testcase classname="testNGKeyword.PriorityKeyword" name="Mymethod3" time="0.003"/>
  <system-out>
    <![CDATA[i will set my priority ]]>
  </system-out>
</testsuite> <!-- testNGKeyword.PriorityKeyword -->
