<?xml version="1.0" encoding="UTF-8"?>
<!-- Generated by org.testng.reporters.JUnitReportReporter -->
<testsuite hostname="DESKTOP-P1L9HPQ" failures="0" tests="5" name="testNGKeyword.dependaOnKeyword" time="0.046" errors="0" timestamp="2022-06-13T16:19:35 IST" skipped="0">
  <testcase classname="testNGKeyword.dependaOnKeyword" name="login" time="0.034"/>
  <system-out>
    <![CDATA[i will set my priority ]]>
  </system-out>
  <testcase classname="testNGKeyword.dependaOnKeyword" name="verifyPin" time="0.003"/>
  <system-out>
    <![CDATA[i will set my priority ]]>
  </system-out>
  <testcase classname="testNGKeyword.dependaOnKeyword" name="logout" time="0.003"/>
  <system-out>
    <![CDATA[i will set my priority ]]>
  </system-out>
  <testcase classname="testNGKeyword.dependaOnKeyword" name="verifyPin" time="0.001"/>
  <system-out>
    <![CDATA[i will set my priority ]]>
  </system-out>
  <testcase classname="testNGKeyword.dependaOnKeyword" name="verifyPin" time="0.005"/>
  <system-out>
    <![CDATA[i will set my priority ]]>
  </system-out>
</testsuite> <!-- testNGKeyword.dependaOnKeyword -->
