<?xml version="1.0" encoding="UTF-8"?>
<!-- Generated by org.testng.reporters.JUnitReportReporter -->
<testsuite hostname="DESKTOP-P1L9HPQ" failures="0" tests="1" name="testNGKItandPOM.testClassKit" time="3.550" errors="0" timestamp="2022-06-22T18:14:15 IST" skipped="0">
  <testcase classname="testNGKItandPOM.testClassKit" name="ValidatinguserID" time="3.550"/>
  <system-out>
    <![CDATA[test case is pass]]>
  </system-out>
</testsuite> <!-- testNGKItandPOM.testClassKit -->
