<?xml version="1.0" encoding="UTF-8"?>
<!-- Generated by org.testng.reporters.JUnitReportReporter -->
<testsuite hostname="DESKTOP-P1L9HPQ" failures="0" tests="3" name="testNG.TestClass1" time="19.138" errors="0" timestamp="2022-06-27T14:55:01 IST" skipped="0">
  <testcase classname="testNG.TestClass1" name="testmethod3" time="6.211"/>
  <system-out/>
  <testcase classname="testNG.TestClass1" name="testmethod1" time="8.036"/>
  <system-out>
    <![CDATA[method is running]]>
  </system-out>
  <testcase classname="testNG.TestClass1" name="testmethod2" time="4.891"/>
  <system-out>
    <![CDATA[method is running]]>
  </system-out>
</testsuite> <!-- testNG.TestClass1 -->
