<?xml version="1.0" encoding="UTF-8"?>
<!-- Generated by org.testng.reporters.JUnitReportReporter -->
<testsuite hostname="DESKTOP-P1L9HPQ" failures="0" tests="1" name="testNGgroup.grouptestng2" time="0.002" errors="0" timestamp="2022-06-27T16:25:45 IST" skipped="0">
  <testcase classname="testNGgroup.grouptestng2" name="Mymethod1" time="0.002"/>
  <system-out>
    <![CDATA[i will set my priority ]]>
  </system-out>
</testsuite> <!-- testNGgroup.grouptestng2 -->
