<?xml version="1.0" encoding="UTF-8"?>
<!-- Generated by org.testng.reporters.JUnitReportReporter -->
<testsuite hostname="DESKTOP-P1L9HPQ" failures="0" tests="2" name="testNGKItandPOM.crossBrowserTestng" time="11.491" errors="0" timestamp="2022-06-20T15:52:06 IST" skipped="0">
  <testcase classname="testNGKItandPOM.crossBrowserTestng" name="validatUserID" time="6.367"/>
  <system-out>
    <![CDATA[test case is pass]]>
  </system-out>
  <testcase classname="testNGKItandPOM.crossBrowserTestng" name="validatUserID" time="5.124"/>
  <system-out>
    <![CDATA[test case is pass]]>
  </system-out>
</testsuite> <!-- testNGKItandPOM.crossBrowserTestng -->
