<?xml version="1.0" encoding="UTF-8"?>
<!-- Generated by org.testng.reporters.JUnitReportReporter -->
<testsuite hostname="DESKTOP-P1L9HPQ" failures="0" tests="1" name="testNG.TestClass2" time="0.011" errors="0" timestamp="2022-06-11T14:19:53 IST" skipped="0">
  <testcase classname="testNG.TestClass2" name="testcase" time="0.011"/>
  <system-out>
    <![CDATA[ test is running]]>
  </system-out>
</testsuite> <!-- testNG.TestClass2 -->
