<?xml version="1.0" encoding="UTF-8"?>
<!-- Generated by org.testng.reporters.JUnitReportReporter -->
<testsuite hostname="DESKTOP-P1L9HPQ" failures="0" tests="1" name="testNGsuit.XMLstudy2" time="0.015" errors="0" timestamp="2022-06-13T16:31:57 IST" skipped="0">
  <testcase classname="testNGsuit.XMLstudy2" name="Mymethod4" time="0.015"/>
  <system-out>
    <![CDATA[i will set my priority ]]>
  </system-out>
</testsuite> <!-- testNGsuit.XMLstudy2 -->
