<?xml version="1.0" encoding="UTF-8"?>
<!-- Generated by org.testng.reporters.JUnitReportReporter -->
<testsuite hostname="DESKTOP-P1L9HPQ" failures="0" tests="3" name="testNGKeyword.EnabledKeyword" time="0.009" errors="0" timestamp="2022-06-13T16:14:36 IST" skipped="1">
  <testcase classname="testNGKeyword.EnabledKeyword" name="Mymethod3" time="0.005"/>
  <system-out>
    <![CDATA[i want to enabled this method ]]>
  </system-out>
  <testcase classname="testNGKeyword.EnabledKeyword" name="Mymethod2" time="0.004"/>
  <system-out>
    <![CDATA[i dont want to give keyword ]]>
  </system-out>
  <testcase classname="testNGKeyword.EnabledKeyword" name="Mymethod1">
    <skipped/>
  </testcase> <!-- Mymethod1 -->
  <system-out/>
</testsuite> <!-- testNGKeyword.EnabledKeyword -->
