<?xml version="1.0" encoding="UTF-8"?>
<!-- Generated by org.testng.reporters.JUnitReportReporter -->
<testsuite hostname="DESKTOP-P1L9HPQ" failures="0" tests="2" name="testNGsuit.XMLstudy1" time="0.010" errors="0" timestamp="2022-06-13T16:31:57 IST" skipped="0">
  <testcase classname="testNGsuit.XMLstudy1" name="Mymethod1" time="0.008"/>
  <system-out>
    <![CDATA[i will set my priority ]]>
  </system-out>
  <testcase classname="testNGsuit.XMLstudy1" name="Mymethod3" time="0.002"/>
  <system-out>
    <![CDATA[i will set my priority ]]>
  </system-out>
</testsuite> <!-- testNGsuit.XMLstudy1 -->
