<?xml version="1.0" encoding="UTF-8"?>
<!-- Generated by org.testng.reporters.JUnitReportReporter -->
<testsuite hostname="DESKTOP-P1L9HPQ" failures="0" tests="1" name="ListnerTestNgClass1.TestNglistnerClass2" time="0.012" errors="0" timestamp="2022-06-22T15:25:33 IST" skipped="0">
  <testcase classname="ListnerTestNgClass1.TestNglistnerClass2" name="method2" time="0.012"/>
  <system-out>
    <![CDATA[test case is pass
test case is pass
pass test case name ismethod2]]>
  </system-out>
</testsuite> <!-- ListnerTestNgClass1.TestNglistnerClass2 -->
